[debug] > Exec(early(addDefaultCommands), None, None)
[debug] > Exec(addDefaultCommands, None, None)
[debug] > Exec(early(initialize), None, None)
[debug] > Exec(initialize, None, None)
[debug] > Exec(early(addPluginSbtFile="""C:\Users\mikko\AppData\Local\Temp\idea.sbt"""), None, None)
[debug] > Exec(addPluginSbtFile="""C:\Users\mikko\AppData\Local\Temp\idea.sbt""", None, None)
[debug] > Exec(boot, None, None)
[debug] > Exec(writeSbtVersion, None, None)
[debug] > Exec(reload, None, None)
[debug] > Exec(sbtStashOnFailure, None, None)
[debug] > Exec(onFailure loadFailed, None, None)
[debug] > Exec(loadp, None, None)
[info] welcome to sbt 1.8.0 (IBM Corporation Java 1.8.0_352)
[debug]       Load.loadUnit: plugins took 77.5658ms
[debug]       Load.loadUnit: defsScala took 0.2682ms
[debug] [Loading] Scanning directory C:\Users\mikko\.sbt\1.0\plugins
[debug] [Loading] Found non-root projects 
[debug] [Loading] Done in C:\Users\mikko\.sbt\1.0\plugins, returning: ()
[debug] deducing auto plugins based on known facts Set(Atom(sbt.plugins.CorePlugin)) and clauses Clauses(Clause(Atom(sbt.plugins.JvmPlugin),Set(Atom(sbt.plugins.IvyPlugin)))
[debug] Clause(Atom(sbt.ScriptedPlugin),Set(Atom(sbt.plugins.JvmPlugin)))
[debug] Clause(Atom(sbt.plugins.SbtPlugin),Set(Atom(sbt.ScriptedPlugin)))
[debug] Clause(Atom(sbt.plugins.SemanticdbPlugin),Set(Atom(sbt.plugins.JvmPlugin)))
[debug] Clause(Atom(sbt.plugins.JUnitXmlReportPlugin),Set(Atom(sbt.plugins.JvmPlugin)))
[debug] Clause(Atom(sbt.plugins.MiniDependencyTreePlugin),Set(Atom(sbt.plugins.JvmPlugin)))
[debug] Clause(Atom(sbt.plugins.CorePlugin),Set(Atom(sbt.plugins.IvyPlugin)))
[debug] Clause(Atom(sbt.plugins.IvyPlugin),Set(Atom(sbt.plugins.JvmPlugin)))
[debug] Clause(Atom(sbt.plugins.JvmPlugin),Set(Atom(sbt.plugins.SemanticdbPlugin)))
[debug] Clause(Atom(sbt.plugins.JvmPlugin),Set(Atom(sbt.plugins.JUnitXmlReportPlugin)))
[debug] Clause(Atom(sbt.plugins.CorePlugin),Set(Atom(sbt.plugins.Giter8TemplatePlugin)))
[debug] Clause(Atom(sbt.plugins.JvmPlugin),Set(Atom(sbt.plugins.MiniDependencyTreePlugin))))
[debug]   :: deduced result: Matched(sbt.plugins.CorePlugin,sbt.plugins.Giter8TemplatePlugin,sbt.plugins.IvyPlugin,sbt.plugins.JvmPlugin,sbt.plugins.MiniDependencyTreePlugin,sbt.plugins.JUnitXmlReportPlugin,sbt.plugins.SemanticdbPlugin)
[debug] Plugins.deducer#function took 17.4496 ms
[debug]           Load.resolveProject(global-plugins) took 39.6433ms
[debug]         Load.loadTransitive: finalizeProject(Project(id global-plugins, base: C:\Users\mikko\.sbt\1.0\plugins, plugins: List(<none>))) took 70.5578ms
[debug] [Loading] Done in C:\Users\mikko\.sbt\1.0\plugins, returning: (global-plugins)
[debug]       Load.loadUnit: loadedProjectsRaw took 92.3041ms
[debug]       Load.loadUnit: cleanEvalClasses took 0.3312ms
[debug]     Load.loadUnit(file:/C:/Users/mikko/.sbt/1.0/plugins/, ...) took 177.7219ms
[debug]   Load.apply: load took 341.9596ms
[debug]   Load.apply: resolveProjects took 4.8492ms
[debug]   Load.apply: finalTransforms took 92.6946ms
[debug]   Load.apply: config.delegates took 12.5347ms
[debug]   Load.apply: Def.make(settings)... took 663.9848ms
[debug]   Load.apply: structureIndex took 176.7271ms
[debug]   Load.apply: mkStreams took 1.5669ms
[info] loading global plugins from C:\Users\mikko\.sbt\1.0\plugins
[debug] Running task... Cancel: Signal, check cycles: false, forcegc: true
[debug] Load.defaultLoad until apply took 2693.0728ms
[debug]           Load.loadUnit: plugins took 31.8164ms
[debug]           Load.loadUnit: defsScala took 0.0044ms
[debug] [Loading] Scanning directory C:\Users\mikko\Desktop\koodaus\ConcurrentBackend\project
[debug]             Load.loadUnit: mkEval took 4.4993ms
[debug] [Loading] Found non-root projects 
[debug] [Loading] Done in C:\Users\mikko\Desktop\koodaus\ConcurrentBackend\project, returning: ()
[debug] deducing auto plugins based on known facts Set(Atom(sbt.plugins.CorePlugin)) and clauses Clauses(Clause(Atom(sbt.plugins.JvmPlugin),Set(Atom(sbt.plugins.IvyPlugin)))
[debug] Clause(Atom(sbt.ScriptedPlugin),Set(Atom(sbt.plugins.JvmPlugin)))
[debug] Clause(Atom(sbt.plugins.SbtPlugin),Set(Atom(sbt.ScriptedPlugin)))
[debug] Clause(Atom(sbt.plugins.SemanticdbPlugin),Set(Atom(sbt.plugins.JvmPlugin)))
[debug] Clause(Atom(sbt.plugins.JUnitXmlReportPlugin),Set(Atom(sbt.plugins.JvmPlugin)))
[debug] Clause(Atom(sbt.plugins.MiniDependencyTreePlugin),Set(Atom(sbt.plugins.JvmPlugin)))
[debug] Clause(Atom(sbt.plugins.CorePlugin),Set(Atom(sbt.plugins.IvyPlugin)))
[debug] Clause(Atom(sbt.plugins.IvyPlugin),Set(Atom(sbt.plugins.JvmPlugin)))
[debug] Clause(Atom(sbt.plugins.JvmPlugin),Set(Atom(sbt.plugins.SemanticdbPlugin)))
[debug] Clause(Atom(sbt.plugins.JvmPlugin),Set(Atom(sbt.plugins.JUnitXmlReportPlugin)))
[debug] Clause(Atom(sbt.plugins.CorePlugin),Set(Atom(sbt.plugins.Giter8TemplatePlugin)))
[debug] Clause(Atom(sbt.plugins.JvmPlugin),Set(Atom(sbt.plugins.MiniDependencyTreePlugin))))
[debug]   :: deduced result: Matched(sbt.plugins.CorePlugin,sbt.plugins.Giter8TemplatePlugin,sbt.plugins.IvyPlugin,sbt.plugins.JvmPlugin,sbt.plugins.MiniDependencyTreePlugin,sbt.plugins.JUnitXmlReportPlugin,sbt.plugins.SemanticdbPlugin)
[debug] Plugins.deducer#function took 2.7878 ms
[info] loading settings for project concurrentbackend-build from idea.sbt ...
[debug]               Load.resolveProject(concurrentbackend-build) took 2.7439ms
[debug]             Load.loadTransitive: finalizeProject(Project(id concurrentbackend-build, base: C:\Users\mikko\Desktop\koodaus\ConcurrentBackend\project, plugins: List(<none>))) took 6.3405ms
[debug] [Loading] Done in C:\Users\mikko\Desktop\koodaus\ConcurrentBackend\project, returning: (concurrentbackend-build)
[debug]           Load.loadUnit: loadedProjectsRaw took 175.7921ms
[debug]           Load.loadUnit: cleanEvalClasses took 4.2789ms
[debug]         Load.loadUnit(file:/C:/Users/mikko/Desktop/koodaus/ConcurrentBackend/project/, ...) took 213.0ms
[debug]       Load.apply: load took 214.7927ms
[debug]       Load.apply: resolveProjects took 0.1274ms
[debug]       Load.apply: finalTransforms took 24.0183ms
[debug]       Load.apply: config.delegates took 0.5164ms
[debug]       Load.apply: Def.make(settings)... took 111.8473ms
[debug]       Load.apply: structureIndex took 44.4178ms
[debug]       Load.apply: mkStreams took 0.0043ms
[info] loading project definition from C:\Users\mikko\Desktop\koodaus\ConcurrentBackend\project
[debug] Running task... Cancel: Signal, check cycles: false, forcegc: true
[warn] Unrecognized repository Scala Plugin Bundled Repository, ignoring it
[warn] Unrecognized repository Scala Plugin Bundled Repository, ignoring it
[debug]     Load.loadUnit: plugins took 1545.7419ms
[debug]     Load.loadUnit: defsScala took 0.0058ms
[debug] [Loading] Scanning directory C:\Users\mikko\Desktop\koodaus\ConcurrentBackend
[debug]       Load.loadUnit: mkEval took 0.4389ms
[debug] [Loading] Found non-root projects 
[debug] [Loading] Done in C:\Users\mikko\Desktop\koodaus\ConcurrentBackend, returning: ()
[debug] deducing auto plugins based on known facts Set(Atom(sbt.plugins.CorePlugin)) and clauses Clauses(Clause(Atom(sbt.plugins.JvmPlugin),Set(Atom(sbt.plugins.IvyPlugin)))
[debug] Clause(Atom(sbt.ScriptedPlugin),Set(Atom(sbt.plugins.JvmPlugin)))
[debug] Clause(Atom(sbt.plugins.SbtPlugin),Set(Atom(sbt.ScriptedPlugin)))
[debug] Clause(Atom(sbt.plugins.SemanticdbPlugin),Set(Atom(sbt.plugins.JvmPlugin)))
[debug] Clause(Atom(sbt.plugins.JUnitXmlReportPlugin),Set(Atom(sbt.plugins.JvmPlugin)))
[debug] Clause(Atom(sbt.plugins.MiniDependencyTreePlugin),Set(Atom(sbt.plugins.JvmPlugin)))
[debug] Clause(Atom(org.jetbrains.sbt.StructurePlugin),Set(Atom(sbt.plugins.JvmPlugin)))
[debug] Clause(Atom(org.jetbrains.sbt.IdeaShellPlugin),Set(Atom(sbt.plugins.JvmPlugin)))
[debug] Clause(Atom(org.jetbrains.sbt.indices.SbtIntellijIndicesPlugin),Set(Atom(sbt.plugins.JvmPlugin)))
[debug] Clause(Atom(sbt.plugins.CorePlugin),Set(Atom(sbt.plugins.IvyPlugin)))
[debug] Clause(Atom(sbt.plugins.IvyPlugin),Set(Atom(sbt.plugins.JvmPlugin)))
[debug] Clause(Atom(sbt.plugins.JvmPlugin),Set(Atom(sbt.plugins.SemanticdbPlugin)))
[debug] Clause(Atom(sbt.plugins.JvmPlugin),Set(Atom(sbt.plugins.JUnitXmlReportPlugin)))
[debug] Clause(Atom(sbt.plugins.CorePlugin),Set(Atom(sbt.plugins.Giter8TemplatePlugin)))
[debug] Clause(Atom(sbt.plugins.JvmPlugin),Set(Atom(sbt.plugins.MiniDependencyTreePlugin)))
[debug] Clause(Atom(sbt.plugins.JvmPlugin),Set(Atom(org.jetbrains.sbt.StructurePlugin)))
[debug] Clause(Atom(sbt.plugins.JvmPlugin),Set(Atom(org.jetbrains.sbt.IdeaShellPlugin)))
[debug] Clause(And(Set(Atom(sbt.plugins.CorePlugin), Atom(sbt.plugins.JvmPlugin))),Set(Atom(org.jetbrains.sbt.indices.SbtIntellijIndicesPlugin))))
[debug]   :: deduced result: Matched(sbt.plugins.CorePlugin,sbt.plugins.Giter8TemplatePlugin,sbt.plugins.IvyPlugin,sbt.plugins.JvmPlugin,sbt.plugins.SemanticdbPlugin,org.jetbrains.sbt.indices.SbtIntellijIndicesPlugin,sbt.plugins.JUnitXmlReportPlugin,org.jetbrains.sbt.IdeaShellPlugin,org.jetbrains.sbt.StructurePlugin,sbt.plugins.MiniDependencyTreePlugin)
[debug] Plugins.deducer#function took 5.0227 ms
[info] loading settings for project concurrentbackend from build.sbt ...
[debug]         Load.resolveProject(concurrentbackend) took 22.6088ms
[debug]       Load.loadTransitive: finalizeProject(Project(id concurrentbackend, base: C:\Users\mikko\Desktop\koodaus\ConcurrentBackend, plugins: List(<none>))) took 28.536ms
[debug] [Loading] Done in C:\Users\mikko\Desktop\koodaus\ConcurrentBackend, returning: (concurrentbackend)
[debug]     Load.loadUnit: loadedProjectsRaw took 2349.5619ms
[debug]     Load.loadUnit: cleanEvalClasses took 10.086ms
[debug]   Load.loadUnit(file:/C:/Users/mikko/Desktop/koodaus/ConcurrentBackend/, ...) took 3907.9568ms
[debug] Load.apply: load took 3910.0364ms
[debug] Load.apply: resolveProjects took 0.1023ms
[debug] Load.apply: finalTransforms took 23.4413ms
[debug] Load.apply: config.delegates took 0.3645ms
[debug] Load.apply: Def.make(settings)... took 69.8403ms
[debug] Load.apply: structureIndex took 34.1103ms
[debug] Load.apply: mkStreams took 0.0041ms
[info] set current project to ConcurrentBackend (in build file:/C:/Users/mikko/Desktop/koodaus/ConcurrentBackend/)
[debug] > Exec(sbtPopOnFailure, None, None)
[debug] > Exec(resumeFromFailure, None, None)
[debug] > Exec(notifyUsersAboutShell, None, None)
[debug] > Exec(iflast shell, None, None)
[debug] > Exec(; set ideaPort in Global := 56920 ; idea-shell, None, None)
[debug] > Exec(set ideaPort in Global := 56920, None, None)
[info] Defining Global / ideaPort
[info] The new value will be used by Compile / compile, Test / compile
[debug] Defining 
[debug] 	Global / ideaPort
[debug] 
[debug] The new value will be used by 
[debug] 	Compile / compile
[debug] 	Test / compile
[info] Reapplying settings...
[info] set current project to ConcurrentBackend (in build file:/C:/Users/mikko/Desktop/koodaus/ConcurrentBackend/)
[debug] > Exec(idea-shell, None, None)
